<?xml version="1.0" ?><testsuite name="labopi.AreaResultCheckerTest" time="0.159" timestamp="2024-06-25T14:53:57" tests="6" failures="0" skipped="0" aborted="0"><properties>
[...]
</properties><testcase classname="labopi.AreaResultCheckerTest" name="checkPointHitTrueTest(ResultBean)[2]" time="0.001"></testcase><testcase classname="labopi.AreaResultCheckerTest" name="checkAreaResultValidationtTrueTest()" time="0.0"></testcase><testcase classname="labopi.AreaResultCheckerTest" name="checkPointHitTrueTest(ResultBean)[1]" time="0.041"></testcase><testcase classname="labopi.AreaResultCheckerTest" name="checkPointHitFalseTest(ResultBean)[1]" time="0.001"></testcase><testcase classname="labopi.AreaResultCheckerTest" name="checkAreaResultValidationtFalseTest()" time="0.001"></testcase><testcase classname="labopi.AreaResultCheckerTest" name="checkPointHitFalseTest(ResultBean)[2]" time="0.001"></testcase></testsuite>